# JRE version: Java(TM) SE Runtime Environment 18.9 (11.0.12+8) (build 11.0.12+8-LTS-237)
# Java VM: Java HotSpot(TM) 64-Bit Server VM 18.9 (11.0.12+8-LTS-237, mixed mode, tiered, compressed oops, g1 gc, windows-amd64)
Heap:
 garbage-first heap   total 78848K, used 41722K [0x00000000c1400000, 0x0000000100000000)
  region size 1024K, 22 young (22528K), 5 survivors (5120K)
 Metaspace       used 68815K, capacity 70608K, committed 70860K, reserved 1110016K
  class space    used 8618K, capacity 9331K, committed 9420K, reserved 1048576K
GC Heap History (10 events):
Event: 13.883 GC heap before
{Heap before GC invocations=14 (full 0):
 garbage-first heap   total 78848K, used 60169K [0x00000000c1400000, 0x0000000100000000)
  region size 1024K, 46 young (47104K), 3 survivors (3072K)
 Metaspace       used 50440K, capacity 51763K, committed 51788K, reserved 1093632K
  class space    used 6177K, capacity 6707K, committed 6732K, reserved 1048576K
}
Event: 13.892 GC heap after
{Heap after GC invocations=15 (full 0):
 garbage-first heap   total 78848K, used 18673K [0x00000000c1400000, 0x0000000100000000)
  region size 1024K, 6 young (6144K), 6 survivors (6144K)
 Metaspace       used 50440K, capacity 51763K, committed 51788K, reserved 1093632K
  class space    used 6177K, capacity 6707K, committed 6732K, reserved 1048576K
}
Event: 15.249 GC heap before
{Heap before GC invocations=15 (full 0):
 garbage-first heap   total 78848K, used 59633K [0x00000000c1400000, 0x0000000100000000)
  region size 1024K, 46 young (47104K), 6 survivors (6144K)
 Metaspace       used 57195K, capacity 58533K, committed 58700K, reserved 1099776K
  class space    used 7152K, capacity 7662K, committed 7756K, reserved 1048576K
}
Event: 15.259 GC heap after
{Heap after GC invocations=16 (full 0):
 garbage-first heap   total 78848K, used 20351K [0x00000000c1400000, 0x0000000100000000)
  region size 1024K, 5 young (5120K), 5 survivors (5120K)
 Metaspace       used 57195K, capacity 58533K, committed 58700K, reserved 1099776K
  class space    used 7152K, capacity 7662K, committed 7756K, reserved 1048576K
}
Event: 17.138 GC heap before
{Heap before GC invocations=16 (full 0):
 garbage-first heap   total 78848K, used 30591K [0x00000000c1400000, 0x0000000100000000)
  region size 1024K, 16 young (16384K), 5 survivors (5120K)
 Metaspace       used 58776K, capacity 60074K, committed 60236K, reserved 1101824K
  class space    used 7366K, capacity 7898K, committed 8012K, reserved 1048576K
}
Event: 17.148 GC heap after
{Heap after GC invocations=17 (full 0):
 garbage-first heap   total 78848K, used 20965K [0x00000000c1400000, 0x0000000100000000)
  region size 1024K, 3 young (3072K), 3 survivors (3072K)
 Metaspace       used 58776K, capacity 60074K, committed 60236K, reserved 1101824K
  class space    used 7366K, capacity 7898K, committed 8012K, reserved 1048576K
}
Event: 18.544 GC heap before
{Heap before GC invocations=18 (full 0):
 garbage-first heap   total 78848K, used 59877K [0x00000000c1400000, 0x0000000100000000)
  region size 1024K, 41 young (41984K), 3 survivors (3072K)
 Metaspace       used 63002K, capacity 64665K, committed 64716K, reserved 1105920K
  class space    used 7954K, capacity 8617K, committed 8652K, reserved 1048576K
}
Event: 18.554 GC heap after
{Heap after GC invocations=19 (full 0):
 garbage-first heap   total 78848K, used 23591K [0x00000000c1400000, 0x0000000100000000)
  region size 1024K, 5 young (5120K), 5 survivors (5120K)
 Metaspace       used 63002K, capacity 64665K, committed 64716K, reserved 1105920K
  class space    used 7954K, capacity 8617K, committed 8652K, reserved 1048576K
}
Event: 567.369 GC heap before
{Heap before GC invocations=19 (full 0):
 garbage-first heap   total 78848K, used 59431K [0x00000000c1400000, 0x0000000100000000)
  region size 1024K, 41 young (41984K), 5 survivors (5120K)
 Metaspace       used 68754K, capacity 70599K, committed 70860K, reserved 1110016K
  class space    used 8613K, capacity 9329K, committed 9420K, reserved 1048576K
}
Event: 569.406 GC heap after
{Heap after GC invocations=20 (full 0):
 garbage-first heap   total 78848K, used 25338K [0x00000000c1400000, 0x0000000100000000)
  region size 1024K, 5 young (5120K), 5 survivors (5120K)
 Metaspace       used 68754K, capacity 70599K, committed 70860K, reserved 1110016K
  class space    used 8613K, capacity 9329K, committed 9420K, reserved 1048576K
}

